<?xml version="1.0" encoding="UTF-8"?>
<!-- Generated by org.testng.reporters.JUnitReportReporter -->
<testsuite skipped="0" hostname="DESKTOP-RP5FHGT" name="com.entry6.qa.testcases.HomePageTest" tests="2" failures="0" timestamp="25 gru 2017 01:57:53 GMT" time="22.491" errors="0">
  <testcase name="verifyLoginLabel" time="8.558" classname="com.entry6.qa.testcases.HomePageTest"/>
  <testcase name="clickObjects" time="13.933" classname="com.entry6.qa.testcases.HomePageTest"/>
</testsuite> <!-- com.entry6.qa.testcases.HomePageTest -->
