<?xml version="1.0" encoding="UTF-8"?>
<!-- Generated by org.testng.reporters.JUnitReportReporter -->
<testsuite skipped="0" hostname="DESKTOP-RP5FHGT" name="com.entry6.qa.testcases.LoginPageTest" tests="3" failures="0" timestamp="26 gru 2017 17:24:09 GMT" time="17.705" errors="0">
  <testcase name="loginPageTitleTest" time="6.419" classname="com.entry6.qa.testcases.LoginPageTest"/>
  <testcase name="headerTest" time="5.378" classname="com.entry6.qa.testcases.LoginPageTest"/>
  <testcase name="loginTest" time="5.908" classname="com.entry6.qa.testcases.LoginPageTest"/>
</testsuite> <!-- com.entry6.qa.testcases.LoginPageTest -->
