<?xml version="1.0" encoding="UTF-8"?>
<!-- Generated by org.testng.reporters.JUnitReportReporter -->
<testsuite skipped="0" hostname="DESKTOP-RP5FHGT" name="com.entry6.qa.testcases.LoginPageTest" tests="2" failures="0" timestamp="25 gru 2017 01:34:34 GMT" time="11.793" errors="0">
  <testcase name="loginPageTitleTest" time="5.551" classname="com.entry6.qa.testcases.LoginPageTest"/>
  <testcase name="headerTest" time="6.242" classname="com.entry6.qa.testcases.LoginPageTest"/>
</testsuite> <!-- com.entry6.qa.testcases.LoginPageTest -->
