<?xml version="1.0" encoding="UTF-8"?>
<!-- Generated by org.testng.reporters.JUnitReportReporter -->
<testsuite skipped="0" hostname="DESKTOP-RP5FHGT" name="com.entry6.qa.testcases.LoginPageTest" tests="3" failures="0" timestamp="25 gru 2017 16:44:45 GMT" time="17.639" errors="0">
  <testcase name="loginPageTitleTest" time="5.740" classname="com.entry6.qa.testcases.LoginPageTest"/>
  <testcase name="headerTest" time="5.619" classname="com.entry6.qa.testcases.LoginPageTest"/>
  <testcase name="loginTest" time="6.280" classname="com.entry6.qa.testcases.LoginPageTest"/>
</testsuite> <!-- com.entry6.qa.testcases.LoginPageTest -->
