<?xml version="1.0" encoding="UTF-8"?>
<!-- Generated by org.testng.reporters.JUnitReportReporter -->
<testsuite skipped="1" hostname="DESKTOP-RP5FHGT" name="com.entry6.qa.testcases.HomePageTest" tests="3" failures="0" timestamp="25 gru 2017 16:44:45 GMT" time="28.376" errors="0">
  <testcase name="czyToJestHomePage" time="17.906" classname="com.entry6.qa.testcases.HomePageTest"/>
  <testcase name="przejdzDoObiektowIWrocHFB" time="10.470" classname="com.entry6.qa.testcases.HomePageTest"/>
  <testcase name="czyNazwaUzytkownikaPoLogowaniuSieZgadza" classname="com.entry6.qa.testcases.HomePageTest">
    <skipped/>
  </testcase> <!-- czyNazwaUzytkownikaPoLogowaniuSieZgadza -->
</testsuite> <!-- com.entry6.qa.testcases.HomePageTest -->
