<?xml version="1.0" encoding="UTF-8"?>
<!-- Generated by org.testng.reporters.JUnitReportReporter -->
<testsuite skipped="0" hostname="DESKTOP-RP5FHGT" name="com.entry6.qa.testcases.LoginPageTest" tests="3" failures="0" timestamp="27 gru 2017 01:10:01 GMT" time="18.212" errors="0">
  <testcase name="loginPageTitleTest" time="7.018" classname="com.entry6.qa.testcases.LoginPageTest"/>
  <testcase name="headerTest" time="5.290" classname="com.entry6.qa.testcases.LoginPageTest"/>
  <testcase name="loginTest" time="5.904" classname="com.entry6.qa.testcases.LoginPageTest"/>
</testsuite> <!-- com.entry6.qa.testcases.LoginPageTest -->
