<?xml version="1.0" encoding="UTF-8"?>
<!-- Generated by org.testng.reporters.JUnitReportReporter -->
<testsuite skipped="1" hostname="DESKTOP-RP5FHGT" name="com.entry6.qa.testcases.HomePageTest" tests="3" failures="0" timestamp="27 gru 2017 01:10:01 GMT" time="28.311" errors="0">
  <testcase name="czyToJestHomePage" time="17.994" classname="com.entry6.qa.testcases.HomePageTest"/>
  <testcase name="przejdzDoObiektowIWrocHFB" time="10.317" classname="com.entry6.qa.testcases.HomePageTest"/>
  <testcase name="czyNazwaUzytkownikaPoLogowaniuSieZgadza" classname="com.entry6.qa.testcases.HomePageTest">
    <skipped/>
  </testcase> <!-- czyNazwaUzytkownikaPoLogowaniuSieZgadza -->
</testsuite> <!-- com.entry6.qa.testcases.HomePageTest -->
